2019-03-31 21:08:45,513 INFO 4736 [egg:logger] init all loggers with options: {"dir":"C:\\Users\\16202\\Desktop\\example\\logs\\socket.io-example","encoding":"utf8","env":"local","level":"INFO","consoleLevel":"INFO","disableConsoleAfterReady":false,"outputJSON":false,"buffer":true,"appLogName":"socket.io-example-web.log","coreLogName":"egg-web.log","agentLogName":"egg-agent.log","errorLogName":"common-error.log","coreLogger":{"consoleLevel":"WARN"},"allowDebugAtProd":false,"type":"application"}
2019-03-31 21:08:45,569 INFO 4736 [egg-multipart] stream mode enable
2019-03-31 21:08:45,793 INFO 4736 [egg-static] starting static serve /public/ -> C:\Users\16202\Desktop\example\app\public
2019-03-31 21:08:45,801 INFO 4736 [egg-security] use csrf middleware
2019-03-31 21:08:45,805 INFO 4736 [egg-security] use methodnoallow middleware
2019-03-31 21:08:45,806 INFO 4736 [egg-security] use noopen middleware
2019-03-31 21:08:45,810 INFO 4736 [egg-security] use nosniff middleware
2019-03-31 21:08:45,811 INFO 4736 [egg-security] use xssProtection middleware
2019-03-31 21:08:45,812 INFO 4736 [egg-security] use xframe middleware
2019-03-31 21:08:45,813 INFO 4736 [egg-security] use dta middleware
2019-03-31 21:08:45,813 INFO 4736 [egg-security] compose 7 middlewares into one security middleware
2019-03-31 21:08:45,822 INFO 4736 [egg:core] dump config after load, 7ms
2019-03-31 21:08:45,840 INFO 4736 [egg-watcher:application] watcher start success
2019-03-31 21:08:45,879 INFO 4736 [egg:core] dump config after ready, 6ms
2019-03-31 21:19:02,831 INFO 30404 [egg:logger] init all loggers with options: {"dir":"C:\\Users\\16202\\Desktop\\example\\logs\\socket.io-example","encoding":"utf8","env":"local","level":"INFO","consoleLevel":"INFO","disableConsoleAfterReady":false,"outputJSON":false,"buffer":true,"appLogName":"socket.io-example-web.log","coreLogName":"egg-web.log","agentLogName":"egg-agent.log","errorLogName":"common-error.log","coreLogger":{"consoleLevel":"WARN"},"allowDebugAtProd":false,"type":"application"}
2019-03-31 21:19:02,894 INFO 30404 [egg-multipart] stream mode enable
2019-03-31 21:19:03,160 INFO 30404 [egg-static] starting static serve /public/ -> C:\Users\16202\Desktop\example\app\public
2019-03-31 21:19:03,168 INFO 30404 [egg-security] use csrf middleware
2019-03-31 21:19:03,173 INFO 30404 [egg-security] use methodnoallow middleware
2019-03-31 21:19:03,174 INFO 30404 [egg-security] use noopen middleware
2019-03-31 21:19:03,177 INFO 30404 [egg-security] use nosniff middleware
2019-03-31 21:19:03,178 INFO 30404 [egg-security] use xssProtection middleware
2019-03-31 21:19:03,179 INFO 30404 [egg-security] use xframe middleware
2019-03-31 21:19:03,180 INFO 30404 [egg-security] use dta middleware
2019-03-31 21:19:03,180 INFO 30404 [egg-security] compose 7 middlewares into one security middleware
2019-03-31 21:19:03,191 INFO 30404 [egg:core] dump config after load, 8ms
2019-03-31 21:19:03,222 INFO 30404 [egg-watcher:application] watcher start success
2019-03-31 21:19:03,286 INFO 30404 [egg:core] dump config after ready, 9ms
2019-03-31 21:19:56,723 INFO 9540 [egg:logger] init all loggers with options: {"dir":"C:\\Users\\16202\\Desktop\\example\\logs\\socket.io-example","encoding":"utf8","env":"local","level":"INFO","consoleLevel":"INFO","disableConsoleAfterReady":false,"outputJSON":false,"buffer":true,"appLogName":"socket.io-example-web.log","coreLogName":"egg-web.log","agentLogName":"egg-agent.log","errorLogName":"common-error.log","coreLogger":{"consoleLevel":"WARN"},"allowDebugAtProd":false,"type":"application"}
2019-03-31 21:19:56,787 INFO 9540 [egg-multipart] stream mode enable
2019-03-31 21:19:57,023 INFO 9540 [egg-static] starting static serve /public/ -> C:\Users\16202\Desktop\example\app\public
2019-03-31 21:19:57,030 INFO 9540 [egg-security] use csrf middleware
2019-03-31 21:19:57,033 INFO 9540 [egg-security] use methodnoallow middleware
2019-03-31 21:19:57,034 INFO 9540 [egg-security] use noopen middleware
2019-03-31 21:19:57,039 INFO 9540 [egg-security] use nosniff middleware
2019-03-31 21:19:57,040 INFO 9540 [egg-security] use xssProtection middleware
2019-03-31 21:19:57,041 INFO 9540 [egg-security] use xframe middleware
2019-03-31 21:19:57,042 INFO 9540 [egg-security] use dta middleware
2019-03-31 21:19:57,042 INFO 9540 [egg-security] compose 7 middlewares into one security middleware
2019-03-31 21:19:57,052 INFO 9540 [egg:core] dump config after load, 7ms
2019-03-31 21:19:57,068 INFO 9540 [egg-watcher:application] watcher start success
2019-03-31 21:19:57,113 INFO 9540 [egg:core] dump config after ready, 9ms
2019-03-31 21:20:36,018 INFO 23576 [egg:logger] init all loggers with options: {"dir":"C:\\Users\\16202\\Desktop\\example\\logs\\socket.io-example","encoding":"utf8","env":"local","level":"INFO","consoleLevel":"INFO","disableConsoleAfterReady":false,"outputJSON":false,"buffer":true,"appLogName":"socket.io-example-web.log","coreLogName":"egg-web.log","agentLogName":"egg-agent.log","errorLogName":"common-error.log","coreLogger":{"consoleLevel":"WARN"},"allowDebugAtProd":false,"type":"application"}
2019-03-31 21:20:36,080 INFO 23576 [egg-multipart] stream mode enable
2019-03-31 21:20:36,306 INFO 23576 [egg-static] starting static serve /public/ -> C:\Users\16202\Desktop\example\app\public
2019-03-31 21:20:36,313 INFO 23576 [egg-security] use csrf middleware
2019-03-31 21:20:36,316 INFO 23576 [egg-security] use methodnoallow middleware
2019-03-31 21:20:36,318 INFO 23576 [egg-security] use noopen middleware
2019-03-31 21:20:36,322 INFO 23576 [egg-security] use nosniff middleware
2019-03-31 21:20:36,323 INFO 23576 [egg-security] use xssProtection middleware
2019-03-31 21:20:36,324 INFO 23576 [egg-security] use xframe middleware
2019-03-31 21:20:36,325 INFO 23576 [egg-security] use dta middleware
2019-03-31 21:20:36,325 INFO 23576 [egg-security] compose 7 middlewares into one security middleware
2019-03-31 21:20:36,334 INFO 23576 [egg:core] dump config after load, 6ms
2019-03-31 21:20:36,349 INFO 23576 [egg-watcher:application] watcher start success
2019-03-31 21:20:36,391 INFO 23576 [egg:core] dump config after ready, 6ms
